420
3 6 11 11 16
7 11 13 17 20
11 15 17 18 23
15 18 20 24 26
17 21 24 26 30

[ 5 , 5 ] 
445 U 1 1
4 7 12 12 17
8 12 14 18 21
12 16 18 19 24
16 19 21 25 27
18 22 25 27 31

[ 3 , 5 ] 
453 U 1 3
4 7 13 13 18
8 12 15 19 22
12 16 18 20 25
16 19 21 25 27
18 22 25 27 31

[ 5 , 2 ] 
451 D 5 2
4 7 13 13 18
8 12 15 19 22
12 16 18 20 25
16 19 21 25 27
18 21 24 27 31

[ 4 , 5 ] 
448 D 4 3
4 7 13 13 18
8 12 15 19 22
12 16 18 20 25
16 19 20 24 27
18 21 24 26 31

[ 2 , 5 ] 
442 D 2 4
4 7 13 13 18
8 12 15 18 21
12 16 18 19 24
16 19 20 24 26
18 21 24 26 30

